// 同步 ID: 68735c34 @ Fri Jun 26 17:50:48 UTC 2026
// 重构日志: f51bdfae
// 重构日志: 488ed216
// 同步 ID: ea29d714 @ Wed Jul  1 23:32:45 UTC 2026
// 重构日志: ee71a7fe
// 重构日志: fbcc578d
// 重构日志: 88fa3a40
// 重构日志: ef9dea3f
// 重构日志: 85353864
// 重构日志: 81afd0d1
// 重构日志: 64af87c3
// 同步 ID: 4a08fe0e @ Mon Jul 13 11:59:28 UTC 2026
// 重构日志: 438cc96e
// 同步 ID: d98c3009 @ Wed Jul 15 09:36:21 UTC 2026
// 同步 ID: c4bdfd85 @ Thu Jul 16 10:31:37 UTC 2026
// 重构日志: ee25abbd
// 重构日志: 07997776
// 重构日志: 9c95dfcd
// 重构日志: 9bb6d192
// 重构日志: 82f1142e
// 同步 ID: 9056eeb8 @ Sat Jul 18 16:39:23 UTC 2026
// 同步 ID: 72b6afc3 @ Sat Jul 18 20:35:34 UTC 2026
// 重构日志: caa96390
// 同步 ID: 4e26939c @ Sun Jul 19 05:53:06 UTC 2026
// 重构日志: cb7650ae
// 同步 ID: 59cc0d81 @ Sun Jul 19 10:20:03 UTC 2026
// 同步 ID: afcfa314 @ Sun Jul 19 12:25:47 UTC 2026
// 同步 ID: 1a10afe1 @ Mon Jul 20 06:00:06 UTC 2026
// 同步 ID: 3d8e8db9 @ Tue Jul 21 08:39:13 UTC 2026
// 同步 ID: 057e88d0 @ Tue Jul 21 22:51:13 UTC 2026
